{"timestamp":"2026-04-13T09:17:16.370538","level":"info","event":"Filling up the DagBag from /opt/airflow/dags/our_first_dag.py","logger":"airflow.models.dagbag.DagBag"}
{"timestamp":"2026-04-13T09:17:50.764978","level":"info","event":"Filling up the DagBag from /opt/airflow/dags/our_first_dag.py","logger":"airflow.models.dagbag.DagBag"}
{"timestamp":"2026-04-13T09:18:21.460460","level":"info","event":"Filling up the DagBag from /opt/airflow/dags/our_first_dag.py","logger":"airflow.models.dagbag.DagBag"}
{"timestamp":"2026-04-13T09:18:52.169897","level":"info","event":"Filling up the DagBag from /opt/airflow/dags/our_first_dag.py","logger":"airflow.models.dagbag.DagBag"}
{"timestamp":"2026-04-13T09:19:22.842703","level":"info","event":"Filling up the DagBag from /opt/airflow/dags/our_first_dag.py","logger":"airflow.models.dagbag.DagBag"}
{"timestamp":"2026-04-13T09:19:53.532102","level":"info","event":"Filling up the DagBag from /opt/airflow/dags/our_first_dag.py","logger":"airflow.models.dagbag.DagBag"}
{"timestamp":"2026-04-13T09:20:24.284352","level":"info","event":"Filling up the DagBag from /opt/airflow/dags/our_first_dag.py","logger":"airflow.models.dagbag.DagBag"}
{"timestamp":"2026-04-13T09:20:27.693941","level":"info","event":"Filling up the DagBag from /opt/airflow/dags/our_first_dag.py","logger":"airflow.models.dagbag.DagBag"}
{"timestamp":"2026-04-13T09:20:32.148687","level":"info","event":"Filling up the DagBag from /opt/airflow/dags/our_first_dag.py","logger":"airflow.models.dagbag.DagBag"}
{"timestamp":"2026-04-13T09:20:32.478306","level":"error","event":"Failed to import: /opt/airflow/dags/our_first_dag.py","logger":"airflow.models.dagbag.DagBag","error_detail":[{"exc_type":"NameError","exc_value":"name 'load_to' is not defined","exc_notes":[],"syntax_error":null,"is_cause":false,"frames":[{"filename":"/home/airflow/.local/lib/python3.12/site-packages/airflow/models/dagbag.py","lineno":382,"name":"parse"},{"filename":"<frozen importlib._bootstrap_external>","lineno":999,"name":"exec_module"},{"filename":"<frozen importlib._bootstrap>","lineno":488,"name":"_call_with_frames_removed"},{"filename":"/opt/airflow/dags/our_first_dag.py","lineno":143,"name":"<module>"},{"filename":"/home/airflow/.local/lib/python3.12/site-packages/airflow/sdk/definitions/dag.py","lineno":1136,"name":"factory"},{"filename":"/opt/airflow/dags/our_first_dag.py","lineno":141,"name":"daily_etl_pipeline"}]}]}
{"timestamp":"2026-04-13T09:20:34.615431","level":"info","event":"Filling up the DagBag from /opt/airflow/dags/our_first_dag.py","logger":"airflow.models.dagbag.DagBag"}
{"timestamp":"2026-04-13T09:20:36.005065","level":"info","event":"Filling up the DagBag from /opt/airflow/dags/our_first_dag.py","logger":"airflow.models.dagbag.DagBag"}
{"timestamp":"2026-04-13T09:20:36.059978","level":"error","event":"Failed to import: /opt/airflow/dags/our_first_dag.py","logger":"airflow.models.dagbag.DagBag","error_detail":[{"exc_type":"SyntaxError","exc_value":"invalid syntax (our_first_dag.py, line 141)","exc_notes":[],"syntax_error":{"offset":19,"filename":"/opt/airflow/dags/our_first_dag.py","line":"    load_to_mysql=\n","lineno":141,"msg":"invalid syntax"},"is_cause":false,"frames":[{"filename":"/home/airflow/.local/lib/python3.12/site-packages/airflow/models/dagbag.py","lineno":382,"name":"parse"},{"filename":"<frozen importlib._bootstrap_external>","lineno":995,"name":"exec_module"},{"filename":"<frozen importlib._bootstrap_external>","lineno":1133,"name":"get_code"},{"filename":"<frozen importlib._bootstrap_external>","lineno":1063,"name":"source_to_code"},{"filename":"<frozen importlib._bootstrap>","lineno":488,"name":"_call_with_frames_removed"}]}]}
{"timestamp":"2026-04-13T09:20:40.193224","level":"info","event":"Filling up the DagBag from /opt/airflow/dags/our_first_dag.py","logger":"airflow.models.dagbag.DagBag"}
{"timestamp":"2026-04-13T09:20:40.630675","level":"error","event":"Failed to import: /opt/airflow/dags/our_first_dag.py","logger":"airflow.models.dagbag.DagBag","error_detail":[{"exc_type":"TypeError","exc_value":"no arguments to expand against","exc_notes":[],"syntax_error":null,"is_cause":false,"frames":[{"filename":"/home/airflow/.local/lib/python3.12/site-packages/airflow/models/dagbag.py","lineno":382,"name":"parse"},{"filename":"<frozen importlib._bootstrap_external>","lineno":999,"name":"exec_module"},{"filename":"<frozen importlib._bootstrap>","lineno":488,"name":"_call_with_frames_removed"},{"filename":"/opt/airflow/dags/our_first_dag.py","lineno":143,"name":"<module>"},{"filename":"/home/airflow/.local/lib/python3.12/site-packages/airflow/sdk/definitions/dag.py","lineno":1136,"name":"factory"},{"filename":"/opt/airflow/dags/our_first_dag.py","lineno":141,"name":"daily_etl_pipeline"},{"filename":"/home/airflow/.local/lib/python3.12/site-packages/airflow/sdk/bases/decorator.py","lineno":399,"name":"expand"}]}]}
{"timestamp":"2026-04-13T09:20:45.777395","level":"info","event":"Filling up the DagBag from /opt/airflow/dags/our_first_dag.py","logger":"airflow.models.dagbag.DagBag"}
{"timestamp":"2026-04-13T09:20:45.822318","level":"error","event":"Failed to import: /opt/airflow/dags/our_first_dag.py","logger":"airflow.models.dagbag.DagBag","error_detail":[{"exc_type":"SyntaxError","exc_value":"expected argument value expression (our_first_dag.py, line 141)","exc_notes":[],"syntax_error":{"offset":26,"filename":"/opt/airflow/dags/our_first_dag.py","line":"    load_to_mysql.expand(transformed_file=)\n","lineno":141,"msg":"expected argument value expression"},"is_cause":false,"frames":[{"filename":"/home/airflow/.local/lib/python3.12/site-packages/airflow/models/dagbag.py","lineno":382,"name":"parse"},{"filename":"<frozen importlib._bootstrap_external>","lineno":995,"name":"exec_module"},{"filename":"<frozen importlib._bootstrap_external>","lineno":1133,"name":"get_code"},{"filename":"<frozen importlib._bootstrap_external>","lineno":1063,"name":"source_to_code"},{"filename":"<frozen importlib._bootstrap>","lineno":488,"name":"_call_with_frames_removed"}]}]}
{"timestamp":"2026-04-13T09:20:56.020204","level":"info","event":"Filling up the DagBag from /opt/airflow/dags/our_first_dag.py","logger":"airflow.models.dagbag.DagBag"}
{"timestamp":"2026-04-13T09:20:56.071365","level":"error","event":"Failed to import: /opt/airflow/dags/our_first_dag.py","logger":"airflow.models.dagbag.DagBag","error_detail":[{"exc_type":"SyntaxError","exc_value":"expected argument value expression (our_first_dag.py, line 141)","exc_notes":[],"syntax_error":{"offset":26,"filename":"/opt/airflow/dags/our_first_dag.py","line":"    load_to_mysql.expand(transformed_file=)\n","lineno":141,"msg":"expected argument value expression"},"is_cause":false,"frames":[{"filename":"/home/airflow/.local/lib/python3.12/site-packages/airflow/models/dagbag.py","lineno":382,"name":"parse"},{"filename":"<frozen importlib._bootstrap_external>","lineno":995,"name":"exec_module"},{"filename":"<frozen importlib._bootstrap_external>","lineno":1133,"name":"get_code"},{"filename":"<frozen importlib._bootstrap_external>","lineno":1063,"name":"source_to_code"},{"filename":"<frozen importlib._bootstrap>","lineno":488,"name":"_call_with_frames_removed"}]}]}
{"timestamp":"2026-04-13T09:21:00.209359","level":"info","event":"Filling up the DagBag from /opt/airflow/dags/our_first_dag.py","logger":"airflow.models.dagbag.DagBag"}
{"timestamp":"2026-04-13T09:21:07.704028","level":"info","event":"Filling up the DagBag from /opt/airflow/dags/our_first_dag.py","logger":"airflow.models.dagbag.DagBag"}
{"timestamp":"2026-04-13T09:22:19.176279","level":"info","event":"Filling up the DagBag from /opt/airflow/dags/our_first_dag.py","logger":"airflow.models.dagbag.DagBag"}
{"timestamp":"2026-04-13T09:22:53.227413","level":"info","event":"Filling up the DagBag from /opt/airflow/dags/our_first_dag.py","logger":"airflow.models.dagbag.DagBag"}
{"timestamp":"2026-04-13T09:23:23.990706","level":"info","event":"Filling up the DagBag from /opt/airflow/dags/our_first_dag.py","logger":"airflow.models.dagbag.DagBag"}
{"timestamp":"2026-04-13T09:23:54.786172","level":"info","event":"Filling up the DagBag from /opt/airflow/dags/our_first_dag.py","logger":"airflow.models.dagbag.DagBag"}
{"timestamp":"2026-04-13T09:24:25.485726","level":"info","event":"Filling up the DagBag from /opt/airflow/dags/our_first_dag.py","logger":"airflow.models.dagbag.DagBag"}
{"timestamp":"2026-04-13T09:24:56.234746","level":"info","event":"Filling up the DagBag from /opt/airflow/dags/our_first_dag.py","logger":"airflow.models.dagbag.DagBag"}
{"timestamp":"2026-04-13T09:25:26.976747","level":"info","event":"Filling up the DagBag from /opt/airflow/dags/our_first_dag.py","logger":"airflow.models.dagbag.DagBag"}
{"timestamp":"2026-04-13T09:25:57.669942","level":"info","event":"Filling up the DagBag from /opt/airflow/dags/our_first_dag.py","logger":"airflow.models.dagbag.DagBag"}
{"timestamp":"2026-04-13T09:26:28.328014","level":"info","event":"Filling up the DagBag from /opt/airflow/dags/our_first_dag.py","logger":"airflow.models.dagbag.DagBag"}
{"timestamp":"2026-04-13T09:26:59.076312","level":"info","event":"Filling up the DagBag from /opt/airflow/dags/our_first_dag.py","logger":"airflow.models.dagbag.DagBag"}
{"timestamp":"2026-04-13T09:27:29.823857","level":"info","event":"Filling up the DagBag from /opt/airflow/dags/our_first_dag.py","logger":"airflow.models.dagbag.DagBag"}
{"timestamp":"2026-04-13T09:28:00.612704","level":"info","event":"Filling up the DagBag from /opt/airflow/dags/our_first_dag.py","logger":"airflow.models.dagbag.DagBag"}
{"timestamp":"2026-04-13T09:28:31.364494","level":"info","event":"Filling up the DagBag from /opt/airflow/dags/our_first_dag.py","logger":"airflow.models.dagbag.DagBag"}
{"timestamp":"2026-04-13T09:28:40.845495","level":"info","event":"Filling up the DagBag from /opt/airflow/dags/our_first_dag.py","logger":"airflow.models.dagbag.DagBag"}
{"timestamp":"2026-04-13T09:28:51.415847","level":"info","event":"Filling up the DagBag from /opt/airflow/dags/our_first_dag.py","logger":"airflow.models.dagbag.DagBag"}
{"timestamp":"2026-04-13T09:29:22.192907","level":"info","event":"Filling up the DagBag from /opt/airflow/dags/our_first_dag.py","logger":"airflow.models.dagbag.DagBag"}
{"timestamp":"2026-04-13T09:29:53.017724","level":"info","event":"Filling up the DagBag from /opt/airflow/dags/our_first_dag.py","logger":"airflow.models.dagbag.DagBag"}
{"timestamp":"2026-04-13T09:30:01.454384","level":"info","event":"Filling up the DagBag from /opt/airflow/dags/our_first_dag.py","logger":"airflow.models.dagbag.DagBag"}
{"timestamp":"2026-04-13T09:30:01.513452","level":"error","event":"Failed to import: /opt/airflow/dags/our_first_dag.py","logger":"airflow.models.dagbag.DagBag","error_detail":[{"exc_type":"SyntaxError","exc_value":"invalid syntax (our_first_dag.py, line 150)","exc_notes":[],"syntax_error":{"offset":65,"filename":"/opt/airflow/dags/our_first_dag.py","line":"    load_to_mysql.expand(transformed_file=transformed_files) >> \n","lineno":150,"msg":"invalid syntax"},"is_cause":false,"frames":[{"filename":"/home/airflow/.local/lib/python3.12/site-packages/airflow/models/dagbag.py","lineno":382,"name":"parse"},{"filename":"<frozen importlib._bootstrap_external>","lineno":995,"name":"exec_module"},{"filename":"<frozen importlib._bootstrap_external>","lineno":1133,"name":"get_code"},{"filename":"<frozen importlib._bootstrap_external>","lineno":1063,"name":"source_to_code"},{"filename":"<frozen importlib._bootstrap>","lineno":488,"name":"_call_with_frames_removed"}]}]}
{"timestamp":"2026-04-13T09:30:06.626311","level":"info","event":"Filling up the DagBag from /opt/airflow/dags/our_first_dag.py","logger":"airflow.models.dagbag.DagBag"}
{"timestamp":"2026-04-13T09:30:06.962504","level":"error","event":"Failed to import: /opt/airflow/dags/our_first_dag.py","logger":"airflow.models.dagbag.DagBag","error_detail":[{"exc_type":"NameError","exc_value":"name 'preview' is not defined","exc_notes":[],"syntax_error":null,"is_cause":false,"frames":[{"filename":"/home/airflow/.local/lib/python3.12/site-packages/airflow/models/dagbag.py","lineno":382,"name":"parse"},{"filename":"<frozen importlib._bootstrap_external>","lineno":999,"name":"exec_module"},{"filename":"<frozen importlib._bootstrap>","lineno":488,"name":"_call_with_frames_removed"},{"filename":"/opt/airflow/dags/our_first_dag.py","lineno":152,"name":"<module>"},{"filename":"/home/airflow/.local/lib/python3.12/site-packages/airflow/sdk/definitions/dag.py","lineno":1136,"name":"factory"},{"filename":"/opt/airflow/dags/our_first_dag.py","lineno":150,"name":"daily_etl_pipeline"}]}]}
{"timestamp":"2026-04-13T09:30:10.124671","level":"info","event":"Filling up the DagBag from /opt/airflow/dags/our_first_dag.py","logger":"airflow.models.dagbag.DagBag"}
{"timestamp":"2026-04-13T09:30:10.488282","level":"error","event":"Failed to import: /opt/airflow/dags/our_first_dag.py","logger":"airflow.models.dagbag.DagBag","error_detail":[{"exc_type":"NameError","exc_value":"name 'preview_mysql' is not defined","exc_notes":[],"syntax_error":null,"is_cause":false,"frames":[{"filename":"/home/airflow/.local/lib/python3.12/site-packages/airflow/models/dagbag.py","lineno":382,"name":"parse"},{"filename":"<frozen importlib._bootstrap_external>","lineno":999,"name":"exec_module"},{"filename":"<frozen importlib._bootstrap>","lineno":488,"name":"_call_with_frames_removed"},{"filename":"/opt/airflow/dags/our_first_dag.py","lineno":152,"name":"<module>"},{"filename":"/home/airflow/.local/lib/python3.12/site-packages/airflow/sdk/definitions/dag.py","lineno":1136,"name":"factory"},{"filename":"/opt/airflow/dags/our_first_dag.py","lineno":150,"name":"daily_etl_pipeline"}]}]}
{"timestamp":"2026-04-13T09:31:53.436160","level":"info","event":"Filling up the DagBag from /opt/airflow/dags/our_first_dag.py","logger":"airflow.models.dagbag.DagBag"}
{"timestamp":"2026-04-13T09:31:55.895970","level":"error","event":"Failed to import: /opt/airflow/dags/our_first_dag.py","logger":"airflow.models.dagbag.DagBag","error_detail":[{"exc_type":"NameError","exc_value":"name 'preview_mysql' is not defined","exc_notes":[],"syntax_error":null,"is_cause":false,"frames":[{"filename":"/home/airflow/.local/lib/python3.12/site-packages/airflow/models/dagbag.py","lineno":382,"name":"parse"},{"filename":"<frozen importlib._bootstrap_external>","lineno":999,"name":"exec_module"},{"filename":"<frozen importlib._bootstrap>","lineno":488,"name":"_call_with_frames_removed"},{"filename":"/opt/airflow/dags/our_first_dag.py","lineno":152,"name":"<module>"},{"filename":"/home/airflow/.local/lib/python3.12/site-packages/airflow/sdk/definitions/dag.py","lineno":1136,"name":"factory"},{"filename":"/opt/airflow/dags/our_first_dag.py","lineno":150,"name":"daily_etl_pipeline"}]}]}
{"timestamp":"2026-04-13T09:32:27.044889","level":"info","event":"Filling up the DagBag from /opt/airflow/dags/our_first_dag.py","logger":"airflow.models.dagbag.DagBag"}
{"timestamp":"2026-04-13T09:32:27.302911","level":"error","event":"Failed to import: /opt/airflow/dags/our_first_dag.py","logger":"airflow.models.dagbag.DagBag","error_detail":[{"exc_type":"NameError","exc_value":"name 'preview_mysql' is not defined","exc_notes":[],"syntax_error":null,"is_cause":false,"frames":[{"filename":"/home/airflow/.local/lib/python3.12/site-packages/airflow/models/dagbag.py","lineno":382,"name":"parse"},{"filename":"<frozen importlib._bootstrap_external>","lineno":999,"name":"exec_module"},{"filename":"<frozen importlib._bootstrap>","lineno":488,"name":"_call_with_frames_removed"},{"filename":"/opt/airflow/dags/our_first_dag.py","lineno":152,"name":"<module>"},{"filename":"/home/airflow/.local/lib/python3.12/site-packages/airflow/sdk/definitions/dag.py","lineno":1136,"name":"factory"},{"filename":"/opt/airflow/dags/our_first_dag.py","lineno":150,"name":"daily_etl_pipeline"}]}]}
{"timestamp":"2026-04-13T09:32:57.707339","level":"info","event":"Filling up the DagBag from /opt/airflow/dags/our_first_dag.py","logger":"airflow.models.dagbag.DagBag"}
{"timestamp":"2026-04-13T09:32:57.958384","level":"error","event":"Failed to import: /opt/airflow/dags/our_first_dag.py","logger":"airflow.models.dagbag.DagBag","error_detail":[{"exc_type":"NameError","exc_value":"name 'preview_mysql' is not defined","exc_notes":[],"syntax_error":null,"is_cause":false,"frames":[{"filename":"/home/airflow/.local/lib/python3.12/site-packages/airflow/models/dagbag.py","lineno":382,"name":"parse"},{"filename":"<frozen importlib._bootstrap_external>","lineno":999,"name":"exec_module"},{"filename":"<frozen importlib._bootstrap>","lineno":488,"name":"_call_with_frames_removed"},{"filename":"/opt/airflow/dags/our_first_dag.py","lineno":152,"name":"<module>"},{"filename":"/home/airflow/.local/lib/python3.12/site-packages/airflow/sdk/definitions/dag.py","lineno":1136,"name":"factory"},{"filename":"/opt/airflow/dags/our_first_dag.py","lineno":150,"name":"daily_etl_pipeline"}]}]}
{"timestamp":"2026-04-13T09:33:28.377405","level":"info","event":"Filling up the DagBag from /opt/airflow/dags/our_first_dag.py","logger":"airflow.models.dagbag.DagBag"}
{"timestamp":"2026-04-13T09:33:28.636706","level":"error","event":"Failed to import: /opt/airflow/dags/our_first_dag.py","logger":"airflow.models.dagbag.DagBag","error_detail":[{"exc_type":"NameError","exc_value":"name 'preview_mysql' is not defined","exc_notes":[],"syntax_error":null,"is_cause":false,"frames":[{"filename":"/home/airflow/.local/lib/python3.12/site-packages/airflow/models/dagbag.py","lineno":382,"name":"parse"},{"filename":"<frozen importlib._bootstrap_external>","lineno":999,"name":"exec_module"},{"filename":"<frozen importlib._bootstrap>","lineno":488,"name":"_call_with_frames_removed"},{"filename":"/opt/airflow/dags/our_first_dag.py","lineno":152,"name":"<module>"},{"filename":"/home/airflow/.local/lib/python3.12/site-packages/airflow/sdk/definitions/dag.py","lineno":1136,"name":"factory"},{"filename":"/opt/airflow/dags/our_first_dag.py","lineno":150,"name":"daily_etl_pipeline"}]}]}
{"timestamp":"2026-04-13T09:33:59.062318","level":"info","event":"Filling up the DagBag from /opt/airflow/dags/our_first_dag.py","logger":"airflow.models.dagbag.DagBag"}
{"timestamp":"2026-04-13T09:33:59.320589","level":"error","event":"Failed to import: /opt/airflow/dags/our_first_dag.py","logger":"airflow.models.dagbag.DagBag","error_detail":[{"exc_type":"NameError","exc_value":"name 'preview_mysql' is not defined","exc_notes":[],"syntax_error":null,"is_cause":false,"frames":[{"filename":"/home/airflow/.local/lib/python3.12/site-packages/airflow/models/dagbag.py","lineno":382,"name":"parse"},{"filename":"<frozen importlib._bootstrap_external>","lineno":999,"name":"exec_module"},{"filename":"<frozen importlib._bootstrap>","lineno":488,"name":"_call_with_frames_removed"},{"filename":"/opt/airflow/dags/our_first_dag.py","lineno":152,"name":"<module>"},{"filename":"/home/airflow/.local/lib/python3.12/site-packages/airflow/sdk/definitions/dag.py","lineno":1136,"name":"factory"},{"filename":"/opt/airflow/dags/our_first_dag.py","lineno":150,"name":"daily_etl_pipeline"}]}]}
{"timestamp":"2026-04-13T09:34:29.732900","level":"info","event":"Filling up the DagBag from /opt/airflow/dags/our_first_dag.py","logger":"airflow.models.dagbag.DagBag"}
{"timestamp":"2026-04-13T09:34:29.984793","level":"error","event":"Failed to import: /opt/airflow/dags/our_first_dag.py","logger":"airflow.models.dagbag.DagBag","error_detail":[{"exc_type":"NameError","exc_value":"name 'preview_mysql' is not defined","exc_notes":[],"syntax_error":null,"is_cause":false,"frames":[{"filename":"/home/airflow/.local/lib/python3.12/site-packages/airflow/models/dagbag.py","lineno":382,"name":"parse"},{"filename":"<frozen importlib._bootstrap_external>","lineno":999,"name":"exec_module"},{"filename":"<frozen importlib._bootstrap>","lineno":488,"name":"_call_with_frames_removed"},{"filename":"/opt/airflow/dags/our_first_dag.py","lineno":152,"name":"<module>"},{"filename":"/home/airflow/.local/lib/python3.12/site-packages/airflow/sdk/definitions/dag.py","lineno":1136,"name":"factory"},{"filename":"/opt/airflow/dags/our_first_dag.py","lineno":150,"name":"daily_etl_pipeline"}]}]}
{"timestamp":"2026-04-13T09:35:00.381149","level":"info","event":"Filling up the DagBag from /opt/airflow/dags/our_first_dag.py","logger":"airflow.models.dagbag.DagBag"}
{"timestamp":"2026-04-13T09:35:00.652577","level":"error","event":"Failed to import: /opt/airflow/dags/our_first_dag.py","logger":"airflow.models.dagbag.DagBag","error_detail":[{"exc_type":"NameError","exc_value":"name 'preview_mysql' is not defined","exc_notes":[],"syntax_error":null,"is_cause":false,"frames":[{"filename":"/home/airflow/.local/lib/python3.12/site-packages/airflow/models/dagbag.py","lineno":382,"name":"parse"},{"filename":"<frozen importlib._bootstrap_external>","lineno":999,"name":"exec_module"},{"filename":"<frozen importlib._bootstrap>","lineno":488,"name":"_call_with_frames_removed"},{"filename":"/opt/airflow/dags/our_first_dag.py","lineno":152,"name":"<module>"},{"filename":"/home/airflow/.local/lib/python3.12/site-packages/airflow/sdk/definitions/dag.py","lineno":1136,"name":"factory"},{"filename":"/opt/airflow/dags/our_first_dag.py","lineno":150,"name":"daily_etl_pipeline"}]}]}
{"timestamp":"2026-04-13T09:35:31.055202","level":"info","event":"Filling up the DagBag from /opt/airflow/dags/our_first_dag.py","logger":"airflow.models.dagbag.DagBag"}
{"timestamp":"2026-04-13T09:35:31.306292","level":"error","event":"Failed to import: /opt/airflow/dags/our_first_dag.py","logger":"airflow.models.dagbag.DagBag","error_detail":[{"exc_type":"NameError","exc_value":"name 'preview_mysql' is not defined","exc_notes":[],"syntax_error":null,"is_cause":false,"frames":[{"filename":"/home/airflow/.local/lib/python3.12/site-packages/airflow/models/dagbag.py","lineno":382,"name":"parse"},{"filename":"<frozen importlib._bootstrap_external>","lineno":999,"name":"exec_module"},{"filename":"<frozen importlib._bootstrap>","lineno":488,"name":"_call_with_frames_removed"},{"filename":"/opt/airflow/dags/our_first_dag.py","lineno":152,"name":"<module>"},{"filename":"/home/airflow/.local/lib/python3.12/site-packages/airflow/sdk/definitions/dag.py","lineno":1136,"name":"factory"},{"filename":"/opt/airflow/dags/our_first_dag.py","lineno":150,"name":"daily_etl_pipeline"}]}]}
{"timestamp":"2026-04-13T09:36:01.706966","level":"info","event":"Filling up the DagBag from /opt/airflow/dags/our_first_dag.py","logger":"airflow.models.dagbag.DagBag"}
{"timestamp":"2026-04-13T09:36:01.970835","level":"error","event":"Failed to import: /opt/airflow/dags/our_first_dag.py","logger":"airflow.models.dagbag.DagBag","error_detail":[{"exc_type":"NameError","exc_value":"name 'preview_mysql' is not defined","exc_notes":[],"syntax_error":null,"is_cause":false,"frames":[{"filename":"/home/airflow/.local/lib/python3.12/site-packages/airflow/models/dagbag.py","lineno":382,"name":"parse"},{"filename":"<frozen importlib._bootstrap_external>","lineno":999,"name":"exec_module"},{"filename":"<frozen importlib._bootstrap>","lineno":488,"name":"_call_with_frames_removed"},{"filename":"/opt/airflow/dags/our_first_dag.py","lineno":152,"name":"<module>"},{"filename":"/home/airflow/.local/lib/python3.12/site-packages/airflow/sdk/definitions/dag.py","lineno":1136,"name":"factory"},{"filename":"/opt/airflow/dags/our_first_dag.py","lineno":150,"name":"daily_etl_pipeline"}]}]}
{"timestamp":"2026-04-13T09:36:31.376800","level":"info","event":"Filling up the DagBag from /opt/airflow/dags/our_first_dag.py","logger":"airflow.models.dagbag.DagBag"}
{"timestamp":"2026-04-13T09:36:31.696116","level":"error","event":"Failed to import: /opt/airflow/dags/our_first_dag.py","logger":"airflow.models.dagbag.DagBag","error_detail":[{"exc_type":"NameError","exc_value":"name 'preview_mysql' is not defined","exc_notes":[],"syntax_error":null,"is_cause":false,"frames":[{"filename":"/home/airflow/.local/lib/python3.12/site-packages/airflow/models/dagbag.py","lineno":382,"name":"parse"},{"filename":"<frozen importlib._bootstrap_external>","lineno":999,"name":"exec_module"},{"filename":"<frozen importlib._bootstrap>","lineno":488,"name":"_call_with_frames_removed"},{"filename":"/opt/airflow/dags/our_first_dag.py","lineno":145,"name":"<module>"},{"filename":"/home/airflow/.local/lib/python3.12/site-packages/airflow/sdk/definitions/dag.py","lineno":1136,"name":"factory"},{"filename":"/opt/airflow/dags/our_first_dag.py","lineno":143,"name":"daily_etl_pipeline"}]}]}
{"timestamp":"2026-04-13T09:38:30.812537","level":"info","event":"Filling up the DagBag from /opt/airflow/dags/our_first_dag.py","logger":"airflow.models.dagbag.DagBag"}
{"timestamp":"2026-04-13T09:39:04.020018","level":"info","event":"Filling up the DagBag from /opt/airflow/dags/our_first_dag.py","logger":"airflow.models.dagbag.DagBag"}
{"timestamp":"2026-04-13T09:39:34.744493","level":"info","event":"Filling up the DagBag from /opt/airflow/dags/our_first_dag.py","logger":"airflow.models.dagbag.DagBag"}
{"timestamp":"2026-04-13T09:40:05.416909","level":"info","event":"Filling up the DagBag from /opt/airflow/dags/our_first_dag.py","logger":"airflow.models.dagbag.DagBag"}
{"timestamp":"2026-04-13T09:40:36.130620","level":"info","event":"Filling up the DagBag from /opt/airflow/dags/our_first_dag.py","logger":"airflow.models.dagbag.DagBag"}
{"timestamp":"2026-04-13T09:41:06.808557","level":"info","event":"Filling up the DagBag from /opt/airflow/dags/our_first_dag.py","logger":"airflow.models.dagbag.DagBag"}
{"timestamp":"2026-04-13T09:41:37.704340","level":"info","event":"Filling up the DagBag from /opt/airflow/dags/our_first_dag.py","logger":"airflow.models.dagbag.DagBag"}
{"timestamp":"2026-04-13T09:42:08.385651","level":"info","event":"Filling up the DagBag from /opt/airflow/dags/our_first_dag.py","logger":"airflow.models.dagbag.DagBag"}
{"timestamp":"2026-04-13T09:42:39.182629","level":"info","event":"Filling up the DagBag from /opt/airflow/dags/our_first_dag.py","logger":"airflow.models.dagbag.DagBag"}
{"timestamp":"2026-04-13T09:43:10.088005","level":"info","event":"Filling up the DagBag from /opt/airflow/dags/our_first_dag.py","logger":"airflow.models.dagbag.DagBag"}
{"timestamp":"2026-04-13T09:43:40.786386","level":"info","event":"Filling up the DagBag from /opt/airflow/dags/our_first_dag.py","logger":"airflow.models.dagbag.DagBag"}
{"timestamp":"2026-04-13T09:44:11.601992","level":"info","event":"Filling up the DagBag from /opt/airflow/dags/our_first_dag.py","logger":"airflow.models.dagbag.DagBag"}
{"timestamp":"2026-04-13T09:44:42.535697","level":"info","event":"Filling up the DagBag from /opt/airflow/dags/our_first_dag.py","logger":"airflow.models.dagbag.DagBag"}
{"timestamp":"2026-04-13T09:45:13.457943","level":"info","event":"Filling up the DagBag from /opt/airflow/dags/our_first_dag.py","logger":"airflow.models.dagbag.DagBag"}
{"timestamp":"2026-04-13T09:45:44.366981","level":"info","event":"Filling up the DagBag from /opt/airflow/dags/our_first_dag.py","logger":"airflow.models.dagbag.DagBag"}
{"timestamp":"2026-04-13T09:46:15.337615","level":"info","event":"Filling up the DagBag from /opt/airflow/dags/our_first_dag.py","logger":"airflow.models.dagbag.DagBag"}
{"timestamp":"2026-04-13T09:46:46.106030","level":"info","event":"Filling up the DagBag from /opt/airflow/dags/our_first_dag.py","logger":"airflow.models.dagbag.DagBag"}
{"timestamp":"2026-04-13T09:47:16.876613","level":"info","event":"Filling up the DagBag from /opt/airflow/dags/our_first_dag.py","logger":"airflow.models.dagbag.DagBag"}
{"timestamp":"2026-04-13T09:47:47.786073","level":"info","event":"Filling up the DagBag from /opt/airflow/dags/our_first_dag.py","logger":"airflow.models.dagbag.DagBag"}
{"timestamp":"2026-04-13T09:48:18.690674","level":"info","event":"Filling up the DagBag from /opt/airflow/dags/our_first_dag.py","logger":"airflow.models.dagbag.DagBag"}
{"timestamp":"2026-04-13T09:48:49.440394","level":"info","event":"Filling up the DagBag from /opt/airflow/dags/our_first_dag.py","logger":"airflow.models.dagbag.DagBag"}
{"timestamp":"2026-04-13T09:49:20.361265","level":"info","event":"Filling up the DagBag from /opt/airflow/dags/our_first_dag.py","logger":"airflow.models.dagbag.DagBag"}
{"timestamp":"2026-04-13T09:49:51.333679","level":"info","event":"Filling up the DagBag from /opt/airflow/dags/our_first_dag.py","logger":"airflow.models.dagbag.DagBag"}
{"timestamp":"2026-04-13T09:50:22.133953","level":"info","event":"Filling up the DagBag from /opt/airflow/dags/our_first_dag.py","logger":"airflow.models.dagbag.DagBag"}
{"timestamp":"2026-04-13T09:50:53.027780","level":"info","event":"Filling up the DagBag from /opt/airflow/dags/our_first_dag.py","logger":"airflow.models.dagbag.DagBag"}
{"timestamp":"2026-04-13T09:51:23.932935","level":"info","event":"Filling up the DagBag from /opt/airflow/dags/our_first_dag.py","logger":"airflow.models.dagbag.DagBag"}
{"timestamp":"2026-04-13T09:51:54.800503","level":"info","event":"Filling up the DagBag from /opt/airflow/dags/our_first_dag.py","logger":"airflow.models.dagbag.DagBag"}
{"timestamp":"2026-04-13T09:52:25.740967","level":"info","event":"Filling up the DagBag from /opt/airflow/dags/our_first_dag.py","logger":"airflow.models.dagbag.DagBag"}
{"timestamp":"2026-04-13T09:52:56.688356","level":"info","event":"Filling up the DagBag from /opt/airflow/dags/our_first_dag.py","logger":"airflow.models.dagbag.DagBag"}
{"timestamp":"2026-04-13T09:53:27.715962","level":"info","event":"Filling up the DagBag from /opt/airflow/dags/our_first_dag.py","logger":"airflow.models.dagbag.DagBag"}
{"timestamp":"2026-04-13T09:53:58.794123","level":"info","event":"Filling up the DagBag from /opt/airflow/dags/our_first_dag.py","logger":"airflow.models.dagbag.DagBag"}
{"timestamp":"2026-04-13T09:54:29.698201","level":"info","event":"Filling up the DagBag from /opt/airflow/dags/our_first_dag.py","logger":"airflow.models.dagbag.DagBag"}
{"timestamp":"2026-04-13T09:55:00.633678","level":"info","event":"Filling up the DagBag from /opt/airflow/dags/our_first_dag.py","logger":"airflow.models.dagbag.DagBag"}
{"timestamp":"2026-04-13T09:55:31.497441","level":"info","event":"Filling up the DagBag from /opt/airflow/dags/our_first_dag.py","logger":"airflow.models.dagbag.DagBag"}
{"timestamp":"2026-04-13T09:56:02.355673","level":"info","event":"Filling up the DagBag from /opt/airflow/dags/our_first_dag.py","logger":"airflow.models.dagbag.DagBag"}
{"timestamp":"2026-04-13T09:56:33.276262","level":"info","event":"Filling up the DagBag from /opt/airflow/dags/our_first_dag.py","logger":"airflow.models.dagbag.DagBag"}
{"timestamp":"2026-04-13T09:57:04.201076","level":"info","event":"Filling up the DagBag from /opt/airflow/dags/our_first_dag.py","logger":"airflow.models.dagbag.DagBag"}
{"timestamp":"2026-04-13T09:57:35.099199","level":"info","event":"Filling up the DagBag from /opt/airflow/dags/our_first_dag.py","logger":"airflow.models.dagbag.DagBag"}
{"timestamp":"2026-04-13T09:58:06.064561","level":"info","event":"Filling up the DagBag from /opt/airflow/dags/our_first_dag.py","logger":"airflow.models.dagbag.DagBag"}
{"timestamp":"2026-04-13T09:58:36.976462","level":"info","event":"Filling up the DagBag from /opt/airflow/dags/our_first_dag.py","logger":"airflow.models.dagbag.DagBag"}
{"timestamp":"2026-04-13T09:59:07.851220","level":"info","event":"Filling up the DagBag from /opt/airflow/dags/our_first_dag.py","logger":"airflow.models.dagbag.DagBag"}
{"timestamp":"2026-04-13T09:59:38.788235","level":"info","event":"Filling up the DagBag from /opt/airflow/dags/our_first_dag.py","logger":"airflow.models.dagbag.DagBag"}
{"timestamp":"2026-04-13T10:00:09.739360","level":"info","event":"Filling up the DagBag from /opt/airflow/dags/our_first_dag.py","logger":"airflow.models.dagbag.DagBag"}
{"timestamp":"2026-04-13T10:00:40.658785","level":"info","event":"Filling up the DagBag from /opt/airflow/dags/our_first_dag.py","logger":"airflow.models.dagbag.DagBag"}
{"timestamp":"2026-04-13T10:01:11.556860","level":"info","event":"Filling up the DagBag from /opt/airflow/dags/our_first_dag.py","logger":"airflow.models.dagbag.DagBag"}
{"timestamp":"2026-04-13T10:01:42.633196","level":"info","event":"Filling up the DagBag from /opt/airflow/dags/our_first_dag.py","logger":"airflow.models.dagbag.DagBag"}
{"timestamp":"2026-04-13T10:02:13.536594","level":"info","event":"Filling up the DagBag from /opt/airflow/dags/our_first_dag.py","logger":"airflow.models.dagbag.DagBag"}
{"timestamp":"2026-04-13T10:02:44.415689","level":"info","event":"Filling up the DagBag from /opt/airflow/dags/our_first_dag.py","logger":"airflow.models.dagbag.DagBag"}
{"timestamp":"2026-04-13T10:03:15.333389","level":"info","event":"Filling up the DagBag from /opt/airflow/dags/our_first_dag.py","logger":"airflow.models.dagbag.DagBag"}
{"timestamp":"2026-04-13T10:03:46.240019","level":"info","event":"Filling up the DagBag from /opt/airflow/dags/our_first_dag.py","logger":"airflow.models.dagbag.DagBag"}
{"timestamp":"2026-04-13T10:04:17.133010","level":"info","event":"Filling up the DagBag from /opt/airflow/dags/our_first_dag.py","logger":"airflow.models.dagbag.DagBag"}
{"timestamp":"2026-04-13T10:04:48.001662","level":"info","event":"Filling up the DagBag from /opt/airflow/dags/our_first_dag.py","logger":"airflow.models.dagbag.DagBag"}
{"timestamp":"2026-04-13T10:05:18.899610","level":"info","event":"Filling up the DagBag from /opt/airflow/dags/our_first_dag.py","logger":"airflow.models.dagbag.DagBag"}
{"timestamp":"2026-04-13T10:05:49.764755","level":"info","event":"Filling up the DagBag from /opt/airflow/dags/our_first_dag.py","logger":"airflow.models.dagbag.DagBag"}
{"timestamp":"2026-04-13T10:06:20.622353","level":"info","event":"Filling up the DagBag from /opt/airflow/dags/our_first_dag.py","logger":"airflow.models.dagbag.DagBag"}
{"timestamp":"2026-04-13T10:06:51.541588","level":"info","event":"Filling up the DagBag from /opt/airflow/dags/our_first_dag.py","logger":"airflow.models.dagbag.DagBag"}
{"timestamp":"2026-04-13T10:07:22.465967","level":"info","event":"Filling up the DagBag from /opt/airflow/dags/our_first_dag.py","logger":"airflow.models.dagbag.DagBag"}
{"timestamp":"2026-04-13T10:07:53.424465","level":"info","event":"Filling up the DagBag from /opt/airflow/dags/our_first_dag.py","logger":"airflow.models.dagbag.DagBag"}
{"timestamp":"2026-04-13T10:08:24.371548","level":"info","event":"Filling up the DagBag from /opt/airflow/dags/our_first_dag.py","logger":"airflow.models.dagbag.DagBag"}
{"timestamp":"2026-04-13T10:08:55.178873","level":"info","event":"Filling up the DagBag from /opt/airflow/dags/our_first_dag.py","logger":"airflow.models.dagbag.DagBag"}
{"timestamp":"2026-04-13T10:09:26.239806","level":"info","event":"Filling up the DagBag from /opt/airflow/dags/our_first_dag.py","logger":"airflow.models.dagbag.DagBag"}
{"timestamp":"2026-04-13T10:09:57.276897","level":"info","event":"Filling up the DagBag from /opt/airflow/dags/our_first_dag.py","logger":"airflow.models.dagbag.DagBag"}
{"timestamp":"2026-04-13T10:10:28.159470","level":"info","event":"Filling up the DagBag from /opt/airflow/dags/our_first_dag.py","logger":"airflow.models.dagbag.DagBag"}
{"timestamp":"2026-04-13T10:10:59.047308","level":"info","event":"Filling up the DagBag from /opt/airflow/dags/our_first_dag.py","logger":"airflow.models.dagbag.DagBag"}
{"timestamp":"2026-04-13T10:11:29.881726","level":"info","event":"Filling up the DagBag from /opt/airflow/dags/our_first_dag.py","logger":"airflow.models.dagbag.DagBag"}
{"timestamp":"2026-04-13T10:12:00.785834","level":"info","event":"Filling up the DagBag from /opt/airflow/dags/our_first_dag.py","logger":"airflow.models.dagbag.DagBag"}
{"timestamp":"2026-04-13T10:12:31.705881","level":"info","event":"Filling up the DagBag from /opt/airflow/dags/our_first_dag.py","logger":"airflow.models.dagbag.DagBag"}
{"timestamp":"2026-04-13T10:13:02.563994","level":"info","event":"Filling up the DagBag from /opt/airflow/dags/our_first_dag.py","logger":"airflow.models.dagbag.DagBag"}
{"timestamp":"2026-04-13T10:13:33.487636","level":"info","event":"Filling up the DagBag from /opt/airflow/dags/our_first_dag.py","logger":"airflow.models.dagbag.DagBag"}
{"timestamp":"2026-04-13T10:14:04.413561","level":"info","event":"Filling up the DagBag from /opt/airflow/dags/our_first_dag.py","logger":"airflow.models.dagbag.DagBag"}
{"timestamp":"2026-04-13T10:14:35.276539","level":"info","event":"Filling up the DagBag from /opt/airflow/dags/our_first_dag.py","logger":"airflow.models.dagbag.DagBag"}
{"timestamp":"2026-04-13T10:15:06.147081","level":"info","event":"Filling up the DagBag from /opt/airflow/dags/our_first_dag.py","logger":"airflow.models.dagbag.DagBag"}
{"timestamp":"2026-04-13T10:15:37.002851","level":"info","event":"Filling up the DagBag from /opt/airflow/dags/our_first_dag.py","logger":"airflow.models.dagbag.DagBag"}
{"timestamp":"2026-04-13T10:16:07.828852","level":"info","event":"Filling up the DagBag from /opt/airflow/dags/our_first_dag.py","logger":"airflow.models.dagbag.DagBag"}
{"timestamp":"2026-04-13T10:16:38.773520","level":"info","event":"Filling up the DagBag from /opt/airflow/dags/our_first_dag.py","logger":"airflow.models.dagbag.DagBag"}
{"timestamp":"2026-04-13T10:17:09.608975","level":"info","event":"Filling up the DagBag from /opt/airflow/dags/our_first_dag.py","logger":"airflow.models.dagbag.DagBag"}
{"timestamp":"2026-04-13T10:17:40.671518","level":"info","event":"Filling up the DagBag from /opt/airflow/dags/our_first_dag.py","logger":"airflow.models.dagbag.DagBag"}
{"timestamp":"2026-04-13T10:18:11.552002","level":"info","event":"Filling up the DagBag from /opt/airflow/dags/our_first_dag.py","logger":"airflow.models.dagbag.DagBag"}
{"timestamp":"2026-04-13T10:18:42.485548","level":"info","event":"Filling up the DagBag from /opt/airflow/dags/our_first_dag.py","logger":"airflow.models.dagbag.DagBag"}
{"timestamp":"2026-04-13T10:19:13.313614","level":"info","event":"Filling up the DagBag from /opt/airflow/dags/our_first_dag.py","logger":"airflow.models.dagbag.DagBag"}
{"timestamp":"2026-04-13T10:19:44.207853","level":"info","event":"Filling up the DagBag from /opt/airflow/dags/our_first_dag.py","logger":"airflow.models.dagbag.DagBag"}
{"timestamp":"2026-04-13T10:20:15.093072","level":"info","event":"Filling up the DagBag from /opt/airflow/dags/our_first_dag.py","logger":"airflow.models.dagbag.DagBag"}
{"timestamp":"2026-04-13T10:20:46.021724","level":"info","event":"Filling up the DagBag from /opt/airflow/dags/our_first_dag.py","logger":"airflow.models.dagbag.DagBag"}
{"timestamp":"2026-04-13T10:21:16.891187","level":"info","event":"Filling up the DagBag from /opt/airflow/dags/our_first_dag.py","logger":"airflow.models.dagbag.DagBag"}
{"timestamp":"2026-04-13T10:21:47.727953","level":"info","event":"Filling up the DagBag from /opt/airflow/dags/our_first_dag.py","logger":"airflow.models.dagbag.DagBag"}
{"timestamp":"2026-04-13T10:22:18.642868","level":"info","event":"Filling up the DagBag from /opt/airflow/dags/our_first_dag.py","logger":"airflow.models.dagbag.DagBag"}
{"timestamp":"2026-04-13T10:22:49.532095","level":"info","event":"Filling up the DagBag from /opt/airflow/dags/our_first_dag.py","logger":"airflow.models.dagbag.DagBag"}
{"timestamp":"2026-04-13T10:23:20.429635","level":"info","event":"Filling up the DagBag from /opt/airflow/dags/our_first_dag.py","logger":"airflow.models.dagbag.DagBag"}
{"timestamp":"2026-04-13T10:23:51.311801","level":"info","event":"Filling up the DagBag from /opt/airflow/dags/our_first_dag.py","logger":"airflow.models.dagbag.DagBag"}
{"timestamp":"2026-04-13T10:24:22.152809","level":"info","event":"Filling up the DagBag from /opt/airflow/dags/our_first_dag.py","logger":"airflow.models.dagbag.DagBag"}
{"timestamp":"2026-04-13T10:24:53.015862","level":"info","event":"Filling up the DagBag from /opt/airflow/dags/our_first_dag.py","logger":"airflow.models.dagbag.DagBag"}
{"timestamp":"2026-04-13T10:25:24.049450","level":"info","event":"Filling up the DagBag from /opt/airflow/dags/our_first_dag.py","logger":"airflow.models.dagbag.DagBag"}
{"timestamp":"2026-04-13T10:25:54.983116","level":"info","event":"Filling up the DagBag from /opt/airflow/dags/our_first_dag.py","logger":"airflow.models.dagbag.DagBag"}
{"timestamp":"2026-04-13T10:26:25.876436","level":"info","event":"Filling up the DagBag from /opt/airflow/dags/our_first_dag.py","logger":"airflow.models.dagbag.DagBag"}
{"timestamp":"2026-04-13T10:26:56.813289","level":"info","event":"Filling up the DagBag from /opt/airflow/dags/our_first_dag.py","logger":"airflow.models.dagbag.DagBag"}
{"timestamp":"2026-04-13T10:27:27.708157","level":"info","event":"Filling up the DagBag from /opt/airflow/dags/our_first_dag.py","logger":"airflow.models.dagbag.DagBag"}
{"timestamp":"2026-04-13T10:27:58.591292","level":"info","event":"Filling up the DagBag from /opt/airflow/dags/our_first_dag.py","logger":"airflow.models.dagbag.DagBag"}
{"timestamp":"2026-04-13T10:28:29.457320","level":"info","event":"Filling up the DagBag from /opt/airflow/dags/our_first_dag.py","logger":"airflow.models.dagbag.DagBag"}
{"timestamp":"2026-04-13T10:29:00.308503","level":"info","event":"Filling up the DagBag from /opt/airflow/dags/our_first_dag.py","logger":"airflow.models.dagbag.DagBag"}
{"timestamp":"2026-04-13T10:29:31.198431","level":"info","event":"Filling up the DagBag from /opt/airflow/dags/our_first_dag.py","logger":"airflow.models.dagbag.DagBag"}
{"timestamp":"2026-04-13T10:30:02.074993","level":"info","event":"Filling up the DagBag from /opt/airflow/dags/our_first_dag.py","logger":"airflow.models.dagbag.DagBag"}
{"timestamp":"2026-04-13T10:30:32.963416","level":"info","event":"Filling up the DagBag from /opt/airflow/dags/our_first_dag.py","logger":"airflow.models.dagbag.DagBag"}
{"timestamp":"2026-04-13T10:31:03.872314","level":"info","event":"Filling up the DagBag from /opt/airflow/dags/our_first_dag.py","logger":"airflow.models.dagbag.DagBag"}
{"timestamp":"2026-04-13T10:31:34.789731","level":"info","event":"Filling up the DagBag from /opt/airflow/dags/our_first_dag.py","logger":"airflow.models.dagbag.DagBag"}
{"timestamp":"2026-04-13T10:32:05.754664","level":"info","event":"Filling up the DagBag from /opt/airflow/dags/our_first_dag.py","logger":"airflow.models.dagbag.DagBag"}
{"timestamp":"2026-04-13T10:32:36.659521","level":"info","event":"Filling up the DagBag from /opt/airflow/dags/our_first_dag.py","logger":"airflow.models.dagbag.DagBag"}
{"timestamp":"2026-04-13T10:33:07.827404","level":"info","event":"Filling up the DagBag from /opt/airflow/dags/our_first_dag.py","logger":"airflow.models.dagbag.DagBag"}
{"timestamp":"2026-04-13T10:33:38.871404","level":"info","event":"Filling up the DagBag from /opt/airflow/dags/our_first_dag.py","logger":"airflow.models.dagbag.DagBag"}
{"timestamp":"2026-04-13T10:34:09.796372","level":"info","event":"Filling up the DagBag from /opt/airflow/dags/our_first_dag.py","logger":"airflow.models.dagbag.DagBag"}
{"timestamp":"2026-04-13T10:34:40.688124","level":"info","event":"Filling up the DagBag from /opt/airflow/dags/our_first_dag.py","logger":"airflow.models.dagbag.DagBag"}
{"timestamp":"2026-04-13T10:35:11.628962","level":"info","event":"Filling up the DagBag from /opt/airflow/dags/our_first_dag.py","logger":"airflow.models.dagbag.DagBag"}
{"timestamp":"2026-04-13T10:35:42.529144","level":"info","event":"Filling up the DagBag from /opt/airflow/dags/our_first_dag.py","logger":"airflow.models.dagbag.DagBag"}
{"timestamp":"2026-04-13T10:36:13.428857","level":"info","event":"Filling up the DagBag from /opt/airflow/dags/our_first_dag.py","logger":"airflow.models.dagbag.DagBag"}
{"timestamp":"2026-04-13T10:36:44.376214","level":"info","event":"Filling up the DagBag from /opt/airflow/dags/our_first_dag.py","logger":"airflow.models.dagbag.DagBag"}
{"timestamp":"2026-04-13T10:37:15.308433","level":"info","event":"Filling up the DagBag from /opt/airflow/dags/our_first_dag.py","logger":"airflow.models.dagbag.DagBag"}
{"timestamp":"2026-04-13T10:37:46.171409","level":"info","event":"Filling up the DagBag from /opt/airflow/dags/our_first_dag.py","logger":"airflow.models.dagbag.DagBag"}
{"timestamp":"2026-04-13T10:38:17.121656","level":"info","event":"Filling up the DagBag from /opt/airflow/dags/our_first_dag.py","logger":"airflow.models.dagbag.DagBag"}
{"timestamp":"2026-04-13T10:38:48.020915","level":"info","event":"Filling up the DagBag from /opt/airflow/dags/our_first_dag.py","logger":"airflow.models.dagbag.DagBag"}
{"timestamp":"2026-04-13T10:39:18.942713","level":"info","event":"Filling up the DagBag from /opt/airflow/dags/our_first_dag.py","logger":"airflow.models.dagbag.DagBag"}
{"timestamp":"2026-04-13T10:39:49.858181","level":"info","event":"Filling up the DagBag from /opt/airflow/dags/our_first_dag.py","logger":"airflow.models.dagbag.DagBag"}
{"timestamp":"2026-04-13T10:40:20.777653","level":"info","event":"Filling up the DagBag from /opt/airflow/dags/our_first_dag.py","logger":"airflow.models.dagbag.DagBag"}
{"timestamp":"2026-04-13T10:40:51.673822","level":"info","event":"Filling up the DagBag from /opt/airflow/dags/our_first_dag.py","logger":"airflow.models.dagbag.DagBag"}
{"timestamp":"2026-04-13T10:41:22.702092","level":"info","event":"Filling up the DagBag from /opt/airflow/dags/our_first_dag.py","logger":"airflow.models.dagbag.DagBag"}
{"timestamp":"2026-04-13T10:41:53.571219","level":"info","event":"Filling up the DagBag from /opt/airflow/dags/our_first_dag.py","logger":"airflow.models.dagbag.DagBag"}
{"timestamp":"2026-04-13T10:42:24.405577","level":"info","event":"Filling up the DagBag from /opt/airflow/dags/our_first_dag.py","logger":"airflow.models.dagbag.DagBag"}
{"timestamp":"2026-04-13T10:42:55.336790","level":"info","event":"Filling up the DagBag from /opt/airflow/dags/our_first_dag.py","logger":"airflow.models.dagbag.DagBag"}
{"timestamp":"2026-04-13T10:43:26.226722","level":"info","event":"Filling up the DagBag from /opt/airflow/dags/our_first_dag.py","logger":"airflow.models.dagbag.DagBag"}
{"timestamp":"2026-04-13T10:43:57.086626","level":"info","event":"Filling up the DagBag from /opt/airflow/dags/our_first_dag.py","logger":"airflow.models.dagbag.DagBag"}
{"timestamp":"2026-04-13T10:44:28.020826","level":"info","event":"Filling up the DagBag from /opt/airflow/dags/our_first_dag.py","logger":"airflow.models.dagbag.DagBag"}
{"timestamp":"2026-04-13T10:59:39.834712","level":"info","event":"Filling up the DagBag from /opt/airflow/dags/git-sync/current/dags/our_first_dag.py","logger":"airflow.models.dagbag.DagBag"}
{"timestamp":"2026-04-13T11:00:13.508436","level":"info","event":"Filling up the DagBag from /opt/airflow/dags/git-sync/current/dags/our_first_dag.py","logger":"airflow.models.dagbag.DagBag"}
{"timestamp":"2026-04-13T11:00:44.162139","level":"info","event":"Filling up the DagBag from /opt/airflow/dags/git-sync/current/dags/our_first_dag.py","logger":"airflow.models.dagbag.DagBag"}
{"timestamp":"2026-04-13T11:01:14.797203","level":"info","event":"Filling up the DagBag from /opt/airflow/dags/git-sync/current/dags/our_first_dag.py","logger":"airflow.models.dagbag.DagBag"}
{"timestamp":"2026-04-13T11:01:45.522432","level":"info","event":"Filling up the DagBag from /opt/airflow/dags/git-sync/current/dags/our_first_dag.py","logger":"airflow.models.dagbag.DagBag"}
{"timestamp":"2026-04-13T11:02:16.226195","level":"info","event":"Filling up the DagBag from /opt/airflow/dags/git-sync/current/dags/our_first_dag.py","logger":"airflow.models.dagbag.DagBag"}
{"timestamp":"2026-04-13T11:02:46.972223","level":"info","event":"Filling up the DagBag from /opt/airflow/dags/git-sync/current/dags/our_first_dag.py","logger":"airflow.models.dagbag.DagBag"}
{"timestamp":"2026-04-13T11:03:17.627239","level":"info","event":"Filling up the DagBag from /opt/airflow/dags/git-sync/current/dags/our_first_dag.py","logger":"airflow.models.dagbag.DagBag"}
{"timestamp":"2026-04-13T11:03:48.255451","level":"info","event":"Filling up the DagBag from /opt/airflow/dags/git-sync/current/dags/our_first_dag.py","logger":"airflow.models.dagbag.DagBag"}
{"timestamp":"2026-04-13T11:04:19.106823","level":"info","event":"Filling up the DagBag from /opt/airflow/dags/git-sync/current/dags/our_first_dag.py","logger":"airflow.models.dagbag.DagBag"}
{"timestamp":"2026-04-13T11:04:49.746396","level":"info","event":"Filling up the DagBag from /opt/airflow/dags/git-sync/current/dags/our_first_dag.py","logger":"airflow.models.dagbag.DagBag"}
{"timestamp":"2026-04-13T11:05:20.395745","level":"info","event":"Filling up the DagBag from /opt/airflow/dags/git-sync/current/dags/our_first_dag.py","logger":"airflow.models.dagbag.DagBag"}
{"timestamp":"2026-04-13T11:05:51.176216","level":"info","event":"Filling up the DagBag from /opt/airflow/dags/git-sync/current/dags/our_first_dag.py","logger":"airflow.models.dagbag.DagBag"}
{"timestamp":"2026-04-13T11:06:21.998695","level":"info","event":"Filling up the DagBag from /opt/airflow/dags/git-sync/current/dags/our_first_dag.py","logger":"airflow.models.dagbag.DagBag"}
{"timestamp":"2026-04-13T11:06:52.776315","level":"info","event":"Filling up the DagBag from /opt/airflow/dags/git-sync/current/dags/our_first_dag.py","logger":"airflow.models.dagbag.DagBag"}
{"timestamp":"2026-04-13T11:07:23.600311","level":"info","event":"Filling up the DagBag from /opt/airflow/dags/git-sync/current/dags/our_first_dag.py","logger":"airflow.models.dagbag.DagBag"}
{"timestamp":"2026-04-13T11:07:54.274204","level":"info","event":"Filling up the DagBag from /opt/airflow/dags/git-sync/current/dags/our_first_dag.py","logger":"airflow.models.dagbag.DagBag"}
{"timestamp":"2026-04-13T11:08:24.950114","level":"info","event":"Filling up the DagBag from /opt/airflow/dags/git-sync/current/dags/our_first_dag.py","logger":"airflow.models.dagbag.DagBag"}
{"timestamp":"2026-04-13T11:08:55.700655","level":"info","event":"Filling up the DagBag from /opt/airflow/dags/git-sync/current/dags/our_first_dag.py","logger":"airflow.models.dagbag.DagBag"}
{"timestamp":"2026-04-13T11:09:26.508072","level":"info","event":"Filling up the DagBag from /opt/airflow/dags/git-sync/current/dags/our_first_dag.py","logger":"airflow.models.dagbag.DagBag"}
{"timestamp":"2026-04-13T11:09:57.188325","level":"info","event":"Filling up the DagBag from /opt/airflow/dags/git-sync/current/dags/our_first_dag.py","logger":"airflow.models.dagbag.DagBag"}
{"timestamp":"2026-04-13T11:10:06.760161","level":"info","event":"Filling up the DagBag from /opt/airflow/dags/git-sync/current/dags/our_first_dag.py","logger":"airflow.models.dagbag.DagBag"}
{"timestamp":"2026-04-13T11:10:37.502228","level":"info","event":"Filling up the DagBag from /opt/airflow/dags/git-sync/current/dags/our_first_dag.py","logger":"airflow.models.dagbag.DagBag"}
{"timestamp":"2026-04-13T11:11:08.260094","level":"info","event":"Filling up the DagBag from /opt/airflow/dags/git-sync/current/dags/our_first_dag.py","logger":"airflow.models.dagbag.DagBag"}
{"timestamp":"2026-04-13T11:12:24.050488","level":"info","event":"Filling up the DagBag from /opt/airflow/dags/git-sync/current/dags/our_first_dag.py","logger":"airflow.models.dagbag.DagBag"}
{"timestamp":"2026-04-13T11:12:57.831427","level":"info","event":"Filling up the DagBag from /opt/airflow/dags/git-sync/current/dags/our_first_dag.py","logger":"airflow.models.dagbag.DagBag"}
{"timestamp":"2026-04-13T11:13:28.716132","level":"info","event":"Filling up the DagBag from /opt/airflow/dags/git-sync/current/dags/our_first_dag.py","logger":"airflow.models.dagbag.DagBag"}
{"timestamp":"2026-04-13T11:13:59.972393","level":"info","event":"Filling up the DagBag from /opt/airflow/dags/git-sync/current/dags/our_first_dag.py","logger":"airflow.models.dagbag.DagBag"}
{"timestamp":"2026-04-13T11:14:31.135997","level":"info","event":"Filling up the DagBag from /opt/airflow/dags/git-sync/current/dags/our_first_dag.py","logger":"airflow.models.dagbag.DagBag"}
{"timestamp":"2026-04-13T11:15:02.438658","level":"info","event":"Filling up the DagBag from /opt/airflow/dags/git-sync/current/dags/our_first_dag.py","logger":"airflow.models.dagbag.DagBag"}
{"timestamp":"2026-04-13T11:15:33.704375","level":"info","event":"Filling up the DagBag from /opt/airflow/dags/git-sync/current/dags/our_first_dag.py","logger":"airflow.models.dagbag.DagBag"}
{"timestamp":"2026-04-13T11:16:04.838131","level":"info","event":"Filling up the DagBag from /opt/airflow/dags/git-sync/current/dags/our_first_dag.py","logger":"airflow.models.dagbag.DagBag"}
{"timestamp":"2026-04-13T11:31:11.835763","level":"info","event":"Filling up the DagBag from /opt/airflow/dags/git-sync/current/dags/our_first_dag.py","logger":"airflow.models.dagbag.DagBag"}
{"timestamp":"2026-04-13T11:31:45.231766","level":"info","event":"Filling up the DagBag from /opt/airflow/dags/git-sync/current/dags/our_first_dag.py","logger":"airflow.models.dagbag.DagBag"}
{"timestamp":"2026-04-13T11:32:15.945499","level":"info","event":"Filling up the DagBag from /opt/airflow/dags/git-sync/current/dags/our_first_dag.py","logger":"airflow.models.dagbag.DagBag"}
{"timestamp":"2026-04-13T11:32:46.798445","level":"info","event":"Filling up the DagBag from /opt/airflow/dags/git-sync/current/dags/our_first_dag.py","logger":"airflow.models.dagbag.DagBag"}
{"timestamp":"2026-04-13T11:33:17.660812","level":"info","event":"Filling up the DagBag from /opt/airflow/dags/git-sync/current/dags/our_first_dag.py","logger":"airflow.models.dagbag.DagBag"}
{"timestamp":"2026-04-13T11:33:48.457612","level":"info","event":"Filling up the DagBag from /opt/airflow/dags/git-sync/current/dags/our_first_dag.py","logger":"airflow.models.dagbag.DagBag"}
{"timestamp":"2026-04-13T11:34:19.286324","level":"info","event":"Filling up the DagBag from /opt/airflow/dags/git-sync/current/dags/our_first_dag.py","logger":"airflow.models.dagbag.DagBag"}
{"timestamp":"2026-04-13T11:34:49.980082","level":"info","event":"Filling up the DagBag from /opt/airflow/dags/git-sync/current/dags/our_first_dag.py","logger":"airflow.models.dagbag.DagBag"}
{"timestamp":"2026-04-13T11:35:20.827602","level":"info","event":"Filling up the DagBag from /opt/airflow/dags/git-sync/current/dags/our_first_dag.py","logger":"airflow.models.dagbag.DagBag"}
{"timestamp":"2026-04-13T11:35:51.719636","level":"info","event":"Filling up the DagBag from /opt/airflow/dags/git-sync/current/dags/our_first_dag.py","logger":"airflow.models.dagbag.DagBag"}
{"timestamp":"2026-04-13T11:36:22.494837","level":"info","event":"Filling up the DagBag from /opt/airflow/dags/git-sync/current/dags/our_first_dag.py","logger":"airflow.models.dagbag.DagBag"}
